%!Adobe-FontList 1.20
%Locale:0x409

%BeginFont
Handler:DirectoryHandler
FontType:TrueType
FontName:Roboto-Medium
FamilyName:Roboto
StyleName:Medium
MenuName:Roboto Medium
StyleBits:0
WeightClass:500
WidthClass:5
AngleClass:0
FullName:Roboto Medium
WritingScript:Roman
OutlineFileName:/Users/annadelanghe/Documents/school/CMSDev/Eindwerk1920/dosier/Document fonts/Roboto-Medium.ttf
DataFormat:sfntData
hasSVG:no
VariableFontType:NonVariableFont
FileLength:171656
FileModTime:379378800
NameArray:0,Win,1,Roboto Medium
NameArray:0,Win,16,Roboto
%EndFont

%BeginFont
Handler:DirectoryHandler
FontType:TrueType
FontName:Roboto-Light
FamilyName:Roboto
StyleName:Light
MenuName:Roboto Light
StyleBits:0
WeightClass:300
WidthClass:5
AngleClass:0
FullName:Roboto Light
WritingScript:Roman
OutlineFileName:/Users/annadelanghe/Documents/school/CMSDev/Eindwerk1920/dosier/Document fonts/Roboto-Light.ttf
DataFormat:sfntData
hasSVG:no
VariableFontType:NonVariableFont
FileLength:170012
FileModTime:379378800
NameArray:0,Win,1,Roboto Light
NameArray:0,Win,16,Roboto
%EndFont

%BeginFont
Handler:DirectoryHandler
FontType:Invalid
OutlineFileName:/Users/annadelanghe/Documents/school/CMSDev/Eindwerk1920/dosier/Document fonts/AdobeFnt21.lst
FileLength:13608
FileModTime:599756720
%EndFont

%BeginFont
Handler:DirectoryHandler
FontType:TrueType
FontName:Roboto-Regular
FamilyName:Roboto
StyleName:Regular
MenuName:Roboto
StyleBits:0
WeightClass:400
WidthClass:5
AngleClass:0
FullName:Roboto
WritingScript:Roman
OutlineFileName:/Users/annadelanghe/Documents/school/CMSDev/Eindwerk1920/dosier/Document fonts/Roboto-Regular.ttf
DataFormat:sfntData
hasSVG:no
VariableFontType:NonVariableFont
FileLength:171272
FileModTime:379378800
NameArray:0,Win,1,Roboto
%EndFont

%BeginFont
Handler:DirectoryHandler
FontType:TrueType
FontName:Roboto-MediumItalic
FamilyName:Roboto
StyleName:Medium Italic
MenuName:Roboto Medium
StyleBits:1
WeightClass:500
WidthClass:5
AngleClass:1
FullName:Roboto Medium Italic
WritingScript:Roman
OutlineFileName:/Users/annadelanghe/Documents/school/CMSDev/Eindwerk1920/dosier/Document fonts/Roboto-MediumItalic.ttf
DataFormat:sfntData
hasSVG:no
VariableFontType:NonVariableFont
FileLength:176428
FileModTime:379378800
NameArray:0,Win,1,Roboto Medium
NameArray:0,Win,16,Roboto
%EndFont

%BeginFont
Handler:DirectoryHandler
FontType:Type1
FontName:MinionPro-Regular
FamilyName:Minion Pro
StyleName:Regular
MenuName:Minion Pro
StyleBits:0
WeightClass:400
WidthClass:5
AngleClass:0
FullName:Minion Pro
WritingScript:Roman
OutlineFileName:/Users/annadelanghe/Documents/school/CMSDev/Eindwerk1920/dosier/Document fonts/MinionPro-Regular.otf
DataFormat:sfntData
UsesStandardEncoding:yes
isCFF:yes
hasSVG:no
VariableFontType:NonVariableFont
FileLength:218640
FileModTime:599413323
DesignSize:110
NameArray:0,Mac,4,Minion Pro
NameArray:0,Win,1,Minion Pro
%EndFont

%BeginFont
Handler:DirectoryHandler
FontType:TrueType
FontName:Roboto-ThinItalic
FamilyName:Roboto
StyleName:Thin Italic
MenuName:Roboto Thin
StyleBits:1
WeightClass:250
WidthClass:5
AngleClass:1
FullName:Roboto Thin Italic
WritingScript:Roman
OutlineFileName:/Users/annadelanghe/Documents/school/CMSDev/Eindwerk1920/dosier/Document fonts/Roboto-ThinItalic.ttf
DataFormat:sfntData
hasSVG:no
VariableFontType:NonVariableFont
FileLength:175872
FileModTime:379378800
NameArray:0,Win,1,Roboto Thin
NameArray:0,Win,16,Roboto
%EndFont

%BeginFont
Handler:DirectoryHandler
FontType:TrueType
FontName:Roboto-BoldItalic
FamilyName:Roboto
StyleName:Bold Italic
MenuName:Roboto
StyleBits:3
WeightClass:700
WidthClass:5
AngleClass:1
FullName:Roboto Bold Italic
WritingScript:Roman
OutlineFileName:/Users/annadelanghe/Documents/school/CMSDev/Eindwerk1920/dosier/Document fonts/Roboto-BoldItalic.ttf
DataFormat:sfntData
hasSVG:no
VariableFontType:NonVariableFont
FileLength:174520
FileModTime:379378800
NameArray:0,Win,1,Roboto
%EndFont

%BeginFont
Handler:DirectoryHandler
FontType:TrueType
FontName:Roboto-LightItalic
FamilyName:Roboto
StyleName:Light Italic
MenuName:Roboto Light
StyleBits:1
WeightClass:300
WidthClass:5
AngleClass:1
FullName:Roboto Light Italic
WritingScript:Roman
OutlineFileName:/Users/annadelanghe/Documents/school/CMSDev/Eindwerk1920/dosier/Document fonts/Roboto-LightItalic.ttf
DataFormat:sfntData
hasSVG:no
VariableFontType:NonVariableFont
FileLength:176184
FileModTime:379378800
NameArray:0,Win,1,Roboto Light
NameArray:0,Win,16,Roboto
%EndFont

%BeginFont
Handler:DirectoryHandler
FontType:TrueType
FontName:Times-Roman
FamilyName:Times
StyleName:Regular
MenuName:Times
StyleBits:0
WeightClass:400
WidthClass:5
AngleClass:0
FullName:Times Roman
WritingScript:Roman
OutlineFileName:/Users/annadelanghe/Documents/school/CMSDev/Eindwerk1920/dosier/Document fonts/Times.ttc
TTCOffset:40
DataFormat:sfntData
hasSVG:no
VariableFontType:NonVariableFont
FileLength:915932
FileModTime:599756384
NameArray:0,Mac,4,Times Roman
%EndFont

%BeginFont
Handler:DirectoryHandler
FontType:TrueType
FontName:Times-Bold
FamilyName:Times
StyleName:Bold
MenuName:Times
StyleBits:0
WeightClass:700
WidthClass:5
AngleClass:0
FullName:Times Bold
WritingScript:Roman
OutlineFileName:/Users/annadelanghe/Documents/school/CMSDev/Eindwerk1920/dosier/Document fonts/Times.ttc
TTCOffset:388
DataFormat:sfntData
hasSVG:no
VariableFontType:NonVariableFont
FileLength:915932
FileModTime:599756384
NameArray:0,Mac,4,Times Bold
NameArray:0,Mac,4,Times Gras
NameArray:0,Mac,4,Times Fett
NameArray:0,Mac,4,Times grassetto
NameArray:0,Mac,4,Times vet
NameArray:0,Mac,4,Times Fet
NameArray:0,Mac,4,Times Negrita
NameArray:0,Mac,4,Times Fed
NameArray:0,Mac,4,Times Carregado
NameArray:0,Mac,4,Times Halvfet
NameArray:0,Mac,4,Times lihava
%EndFont

%BeginFont
Handler:DirectoryHandler
FontType:TrueType
FontName:Times-Italic
FamilyName:Times
StyleName:Italic
MenuName:Times
StyleBits:1
WeightClass:400
WidthClass:5
AngleClass:1
FullName:Times Italic
WritingScript:Roman
OutlineFileName:/Users/annadelanghe/Documents/school/CMSDev/Eindwerk1920/dosier/Document fonts/Times.ttc
TTCOffset:736
DataFormat:sfntData
hasSVG:no
VariableFontType:NonVariableFont
FileLength:915932
FileModTime:599756384
NameArray:0,Mac,4,Times Italic
NameArray:0,Mac,4,Times Italique
NameArray:0,Mac,4,Times Kursiv
NameArray:0,Mac,4,Times corsivo
NameArray:0,Mac,4,Times cursief
NameArray:0,Mac,4,Times Kursiv
NameArray:0,Mac,4,Times Cursiva
NameArray:0,Mac,4,Times kursiv
NameArray:0,Mac,4,Times Itálico
NameArray:0,Mac,4,Times kursiv
NameArray:0,Mac,4,Times kursiivi
%EndFont

%BeginFont
Handler:DirectoryHandler
FontType:TrueType
FontName:Times-BoldItalic
FamilyName:Times
StyleName:Bold Italic
MenuName:Times
StyleBits:1
WeightClass:700
WidthClass:5
AngleClass:1
FullName:Times Bold Italic
WritingScript:Roman
OutlineFileName:/Users/annadelanghe/Documents/school/CMSDev/Eindwerk1920/dosier/Document fonts/Times.ttc
TTCOffset:1084
DataFormat:sfntData
hasSVG:no
VariableFontType:NonVariableFont
FileLength:915932
FileModTime:599756384
NameArray:0,Mac,4,Times Bold Italic
NameArray:0,Mac,4,Times Gras italique
NameArray:0,Mac,4,Times Fett Kursiv
NameArray:0,Mac,4,Times grassetto corsivo
NameArray:0,Mac,4,Times vet-cursief
NameArray:0,Mac,4,Times Fet Kursiv
NameArray:0,Mac,4,Times Negrita Cursiva
NameArray:0,Mac,4,Times Fed kursiv
NameArray:0,Mac,4,Times Carregado Itálico
NameArray:0,Mac,4,Times Halvfet kursiv
NameArray:0,Mac,4,Times lihava kursiivi
%EndFont

%BeginFont
Handler:DirectoryHandler
FontType:TrueType
FontName:Roboto-Italic
FamilyName:Roboto
StyleName:Italic
MenuName:Roboto
StyleBits:1
WeightClass:400
WidthClass:5
AngleClass:1
FullName:Roboto Italic
WritingScript:Roman
OutlineFileName:/Users/annadelanghe/Documents/school/CMSDev/Eindwerk1920/dosier/Document fonts/Roboto-Italic.ttf
DataFormat:sfntData
hasSVG:no
VariableFontType:NonVariableFont
FileLength:173516
FileModTime:379378800
NameArray:0,Win,1,Roboto
%EndFont

%BeginFont
Handler:DirectoryHandler
FontType:TrueType
FontName:Roboto-BlackItalic
FamilyName:Roboto
StyleName:Black Italic
MenuName:Roboto Black
StyleBits:1
WeightClass:900
WidthClass:5
AngleClass:1
FullName:Roboto Black Italic
WritingScript:Roman
OutlineFileName:/Users/annadelanghe/Documents/school/CMSDev/Eindwerk1920/dosier/Document fonts/Roboto-BlackItalic.ttf
DataFormat:sfntData
hasSVG:no
VariableFontType:NonVariableFont
FileLength:177120
FileModTime:379378800
NameArray:0,Win,1,Roboto Black
NameArray:0,Win,16,Roboto
%EndFont

%BeginFont
Handler:DirectoryHandler
FontType:TrueType
FontName:Roboto-Bold
FamilyName:Roboto
StyleName:Bold
MenuName:Roboto
StyleBits:2
WeightClass:700
WidthClass:5
AngleClass:0
FullName:Roboto Bold
WritingScript:Roman
OutlineFileName:/Users/annadelanghe/Documents/school/CMSDev/Eindwerk1920/dosier/Document fonts/Roboto-Bold.ttf
DataFormat:sfntData
hasSVG:no
VariableFontType:NonVariableFont
FileLength:170348
FileModTime:379378800
NameArray:0,Win,1,Roboto
%EndFont

%BeginFont
Handler:DirectoryHandler
FontType:TrueType
FontName:Roboto-Thin
FamilyName:Roboto
StyleName:Thin
MenuName:Roboto Thin
StyleBits:0
WeightClass:250
WidthClass:5
AngleClass:0
FullName:Roboto Thin
WritingScript:Roman
OutlineFileName:/Users/annadelanghe/Documents/school/CMSDev/Eindwerk1920/dosier/Document fonts/Roboto-Thin.ttf
DataFormat:sfntData
hasSVG:no
VariableFontType:NonVariableFont
FileLength:171500
FileModTime:379378800
NameArray:0,Win,1,Roboto Thin
NameArray:0,Win,16,Roboto
%EndFont

%BeginFont
Handler:DirectoryHandler
FontType:TrueType
FontName:Roboto-Black
FamilyName:Roboto
StyleName:Black
MenuName:Roboto Black
StyleBits:0
WeightClass:900
WidthClass:5
AngleClass:0
FullName:Roboto Black
WritingScript:Roman
OutlineFileName:/Users/annadelanghe/Documents/school/CMSDev/Eindwerk1920/dosier/Document fonts/Roboto-Black.ttf
DataFormat:sfntData
hasSVG:no
VariableFontType:NonVariableFont
FileLength:171072
FileModTime:379378800
NameArray:0,Win,1,Roboto Black
NameArray:0,Win,16,Roboto
%EndFont

%BeginFont
Handler:DirectoryHandler
FontType:TrueType
FontName:Helvetica
FamilyName:Helvetica
StyleName:Regular
MenuName:Helvetica
StyleBits:0
WeightClass:400
WidthClass:5
AngleClass:0
FullName:Helvetica
WritingScript:Roman
OutlineFileName:/Users/annadelanghe/Documents/school/CMSDev/Eindwerk1920/dosier/Document fonts/Helvetica.ttc
TTCOffset:48
DataFormat:sfntData
hasSVG:no
VariableFontType:NonVariableFont
FileLength:2353284
FileModTime:599756384
NameArray:0,Mac,18,Helvetica
NameArray:0,Mac,4,Helvetica
%EndFont

%BeginFont
Handler:DirectoryHandler
FontType:TrueType
FontName:Helvetica-Bold
FamilyName:Helvetica
StyleName:Bold
MenuName:Helvetica
StyleBits:2
WeightClass:700
WidthClass:5
AngleClass:0
FullName:Helvetica Bold
WritingScript:Roman
OutlineFileName:/Users/annadelanghe/Documents/school/CMSDev/Eindwerk1920/dosier/Document fonts/Helvetica.ttc
TTCOffset:380
DataFormat:sfntData
hasSVG:no
VariableFontType:NonVariableFont
FileLength:2353284
FileModTime:599756384
NameArray:0,Mac,4,Helvetica Bold
NameArray:0,Mac,4,Helvetica lihava
NameArray:0,Mac,4,Helvetica Gras
NameArray:0,Mac,4,Helvetica Fett
NameArray:0,Mac,4,Helvetica grassetto
NameArray:0,Mac,4,Helvetica vet
NameArray:0,Mac,4,Helvetica Fet
NameArray:0,Mac,4,Helvetica Negrita
NameArray:0,Mac,4,Helvetica Carregado
NameArray:0,Mac,4,Helvetica Halvfet
NameArray:0,Mac,18,Helvetica Bold
NameArray:4,Mac,4,Helvetica‭ ‬أسود
NameArray:4,Mac,4,Helvetica‭ ‬برجسته
NameArray:5,Mac,4,Helvetica‭ ‬עבה
%EndFont

%BeginFont
Handler:DirectoryHandler
FontType:TrueType
FontName:Helvetica-Oblique
FamilyName:Helvetica
StyleName:Oblique
MenuName:Helvetica
StyleBits:1
WeightClass:400
WidthClass:5
AngleClass:1
FullName:Helvetica Oblique
WritingScript:Roman
OutlineFileName:/Users/annadelanghe/Documents/school/CMSDev/Eindwerk1920/dosier/Document fonts/Helvetica.ttc
TTCOffset:712
DataFormat:sfntData
hasSVG:no
VariableFontType:NonVariableFont
FileLength:2353284
FileModTime:599756384
NameArray:0,Mac,18,Helvetica Oblique
NameArray:0,Mac,4,Helvetica Oblique
%EndFont

%BeginFont
Handler:DirectoryHandler
FontType:TrueType
FontName:Helvetica-BoldOblique
FamilyName:Helvetica
StyleName:Bold Oblique
MenuName:Helvetica
StyleBits:3
WeightClass:700
WidthClass:5
AngleClass:1
FullName:Helvetica Bold Oblique
WritingScript:Roman
OutlineFileName:/Users/annadelanghe/Documents/school/CMSDev/Eindwerk1920/dosier/Document fonts/Helvetica.ttc
TTCOffset:1044
DataFormat:sfntData
hasSVG:no
VariableFontType:NonVariableFont
FileLength:2353284
FileModTime:599756384
NameArray:0,Mac,18,Helvetica Bold Oblique
NameArray:0,Mac,4,Helvetica Bold Oblique
%EndFont

%BeginFont
Handler:DirectoryHandler
FontType:TrueType
FontName:Helvetica-Light
FamilyName:Helvetica
StyleName:Light
MenuName:Helvetica
StyleBits:0
WeightClass:300
WidthClass:5
AngleClass:0
FullName:Helvetica Light
WritingScript:Roman
OutlineFileName:/Users/annadelanghe/Documents/school/CMSDev/Eindwerk1920/dosier/Document fonts/Helvetica.ttc
TTCOffset:1376
DataFormat:sfntData
hasSVG:no
VariableFontType:NonVariableFont
FileLength:2353284
FileModTime:599756384
NameArray:0,Mac,18,Helvetica Light
NameArray:0,Mac,4,Helvetica Light
%EndFont

%BeginFont
Handler:DirectoryHandler
FontType:TrueType
FontName:Helvetica-LightOblique
FamilyName:Helvetica
StyleName:Light Oblique
MenuName:Helvetica
StyleBits:1
WeightClass:300
WidthClass:5
AngleClass:1
FullName:Helvetica Light Oblique
WritingScript:Roman
OutlineFileName:/Users/annadelanghe/Documents/school/CMSDev/Eindwerk1920/dosier/Document fonts/Helvetica.ttc
TTCOffset:1676
DataFormat:sfntData
hasSVG:no
VariableFontType:NonVariableFont
FileLength:2353284
FileModTime:599756384
NameArray:0,Mac,18,Helvetica Light Oblique
NameArray:0,Mac,4,Helvetica Light Oblique
%EndFont

